#
# There is insufficient memory for the Java Runtime Environment to continue.
# Native memory allocation (malloc) failed to allocate 2097152 bytes for AllocateHeap
# Possible reasons:
#   The system is out of physical RAM or swap space
#   The process is running with CompressedOops enabled, and the Java Heap may be blocking the growth of the native heap
# Possible solutions:
#   Reduce memory load on the system
#   Increase physical memory or swap space
#   Check if swap backing store is full
#   Decrease Java heap size (-Xmx/-Xms)
#   Decrease number of Java threads
#   Decrease Java thread stack sizes (-Xss)
#   Set larger code cache with -XX:ReservedCodeCacheSize=
#   JVM is running with Unscaled Compressed Oops mode in which the Java heap is
#     placed in the first 4GB address space. The Java Heap base address is the
#     maximum limit for the native heap growth. Please use -XX:HeapBaseMinAddress
#     to set the Java Heap base and to place the Java Heap above 4GB virtual address.
# This output file may be truncated or incomplete.
#
#  Out of Memory Error (t:/workspace/open/src/hotspot/share/memory/allocation.cpp:46), pid=5504, tid=17860
#
# JRE version: Java(TM) SE Runtime Environment (11.0.4+10) (build 11.0.4+10-LTS)
# Java VM: Java HotSpot(TM) 64-Bit Server VM (11.0.4+10-LTS, mixed mode, tiered, compressed oops, g1 gc, windows-amd64)
# No core dump will be written. Minidumps are not enabled by default on client versions of Windows
#

---------------  S U M M A R Y ------------

Command Line: -Dcom.sun.management.jmxremote -Dcom.sun.management.jmxremote.port=49787 -Dcom.sun.management.jmxremote.authenticate=false -Dcom.sun.management.jmxremote.ssl=false -Djava.rmi.server.hostname=localhost -Dspring.jmx.enabled=true -Dspring.application.admin.enabled=true -Xverify:none -XX:TieredStopAtLevel=1 -Dspring.boot.project.name=mobile-app-ws -Dfile.encoding=Cp1252 com.sean.ws.MobileAppWsApplication

Host: Intel(R) Core(TM) i7-6500U CPU @ 2.50GHz, 4 cores, 7G,  Windows 10 , 64 bit Build 18362 (10.0.18362.329)
Time: Fri Nov 29 13:00:26 2019 Malay Peninsula Standard Time elapsed time: 12193 seconds (0d 3h 23m 13s)

---------------  T H R E A D  ---------------

Current thread (0x000002c74fe29000):  VMThread "VM Thread" [stack: 0x000000ffd4500000,0x000000ffd4600000] [id=17860]

Stack: [0x000000ffd4500000,0x000000ffd4600000]
[error occurred during error reporting (printing stack bounds), id 0xc0000005, EXCEPTION_ACCESS_VIOLATION (0xc0000005) at pc=0x000002c739e00bad]

Native frames: (J=compiled Java code, j=interpreted, Vv=VM code, C=native code)
V  [jvm.dll+0x635bda]
V  [jvm.dll+0x77360f]
V  [jvm.dll+0x774cba]
V  [jvm.dll+0x7752d5]
V  [jvm.dll+0x77528b]
V  [jvm.dll+0x6352e6]
V  [jvm.dll+0x6356a8]
C  [ntdll.dll+0xa11ff]
C  [ntdll.dll+0x6a289]
C  [ntdll.dll+0x9fe6e]
C  0x000002c739e00bad

VM_Operation (0x000000ffd57fe920): G1CollectFull, mode: safepoint, requested by thread 0x000002c752426800


---------------  P R O C E S S  ---------------

Threads class SMR info:
_java_thread_list=0x000002c755654f70, length=17, elements={
0x000002c74fe61000, 0x000002c74fe6b800, 0x000002c74fe6f000, 0x000002c74fe71800,
0x000002c74fe74000, 0x000002c74fe7e800, 0x000002c7508f0800, 0x000002c750966800,
0x000002c750f0c000, 0x000002c750f25800, 0x000002c750fae000, 0x000002c7511a0000,
0x000002c752428000, 0x000002c75508f800, 0x000002c755088000, 0x000002c75242c000,
0x000002c752426800
}

Java Threads: ( => current thread )
  0x000002c74fe61000 JavaThread "Reference Handler" daemon [_thread_blocked, id=19736, stack(0x000000ffd4600000,0x000000ffd4700000)]
  0x000002c74fe6b800 JavaThread "Finalizer" daemon [_thread_blocked, id=11032, stack(0x000000ffd4700000,0x000000ffd4800000)]
  0x000002c74fe6f000 JavaThread "Signal Dispatcher" daemon [_thread_blocked, id=15252, stack(0x000000ffd4800000,0x000000ffd4900000)]
  0x000002c74fe71800 JavaThread "Attach Listener" daemon [_thread_blocked, id=9552, stack(0x000000ffd4900000,0x000000ffd4a00000)]
  0x000002c74fe74000 JavaThread "C1 CompilerThread0" daemon [_thread_blocked, id=22396, stack(0x000000ffd4a00000,0x000000ffd4b00000)]
  0x000002c74fe7e800 JavaThread "Sweeper thread" daemon [_thread_blocked, id=16100, stack(0x000000ffd4b00000,0x000000ffd4c00000)]
  0x000002c7508f0800 JavaThread "Common-Cleaner" daemon [_thread_blocked, id=10868, stack(0x000000ffd4c00000,0x000000ffd4d00000)]
  0x000002c750966800 JavaThread "Service Thread" daemon [_thread_blocked, id=1576, stack(0x000000ffd4d00000,0x000000ffd4e00000)]
  0x000002c750f0c000 JavaThread "RMI TCP Accept-0" daemon [_thread_in_native, id=19384, stack(0x000000ffd5000000,0x000000ffd5100000)]
  0x000002c750f25800 JavaThread "RMI TCP Accept-49787" daemon [_thread_in_native, id=10224, stack(0x000000ffd5100000,0x000000ffd5200000)]
  0x000002c750fae000 JavaThread "RMI TCP Accept-0" daemon [_thread_in_native, id=10960, stack(0x000000ffd5200000,0x000000ffd5300000)]
  0x000002c7511a0000 JavaThread "mysql-cj-abandoned-connection-cleanup" daemon [_thread_blocked, id=4700, stack(0x000000ffd5b00000,0x000000ffd5c00000)]
  0x000002c752428000 JavaThread "Live Reload Server" daemon [_thread_in_native, id=10584, stack(0x000000ffd6100000,0x000000ffd6200000)]
  0x000002c75508f800 JavaThread "DestroyJavaVM" [_thread_blocked, id=16840, stack(0x000000ffd3f00000,0x000000ffd4000000)]
  0x000002c755088000 JavaThread "Catalina-utility-1" [_thread_blocked, id=21484, stack(0x000000ffd5a00000,0x000000ffd5b00000)]
  0x000002c75242c000 JavaThread "http-nio-8080-Acceptor" daemon [_thread_blocked, id=16604, stack(0x000000ffd6e00000,0x000000ffd6f00000)]
  0x000002c752426800 JavaThread "Thread-237" [_thread_blocked, id=7576, stack(0x000000ffd5700000,0x000000ffd5800000)]

Other Threads:
=>0x000002c74fe29000 VMThread "VM Thread" [stack: 0x000000ffd4500000,0x000000ffd4600000] [id=17860]
  0x000002c750fb1800 WatcherThread [stack: 0x000000ffd5300000,0x000000ffd5400000] [id=4752]
  0x000002c731adc800 GCTaskThread "GC Thread#0" [stack: 0x000000ffd4000000,0x000000ffd4100000] [id=16728]
  0x000002c75109c800 GCTaskThread "GC Thread#1" [stack: 0x000000ffd5400000,0x000000ffd5500000] [id=18384]
  0x000002c751096800 GCTaskThread "GC Thread#2" [stack: 0x000000ffd5500000,0x000000ffd5600000] [id=19512]
  0x000002c751099000 GCTaskThread "GC Thread#3" [stack: 0x000000ffd5800000,0x000000ffd5900000] [id=10548]
  0x000002c731b0f800 ConcurrentGCThread "G1 Main Marker" [stack: 0x000000ffd4100000,0x000000ffd4200000] [id=20152]
  0x000002c731b11800 ConcurrentGCThread "G1 Conc#0" [stack: 0x000000ffd4200000,0x000000ffd4300000] [id=21028]
  0x000002c74fc94800 ConcurrentGCThread "G1 Refine#0" [stack: 0x000000ffd4300000,0x000000ffd4400000] [id=14880]
  0x000002c731b8d800 ConcurrentGCThread "G1 Young RemSet Sampling" [stack: 0x000000ffd4400000,0x000000ffd4500000] [id=22424]

Threads with active compile tasks:

VM state:at safepoint (normal execution)

VM Mutex/Monitor currently owned by a thread:  ([mutex/lock_event])
[0x000002c731ac4540] Threads_lock - owner thread: 0x000002c74fe29000
[0x000002c731ac4db0] Heap_lock - owner thread: 0x000002c752426800

Heap address: 0x0000000081a00000, size: 2022 MB, Compressed Oops mode: 32-bit
Narrow klass base: 0x0000000000000000, Narrow klass shift: 3
Compressed class space size: 1073741824 Address: 0x0000000100000000

Heap:
 garbage-first heap   total 201728K, used 158810K [0x0000000081a00000, 0x0000000100000000)
  region size 1024K, 41 young (41984K), 5 survivors (5120K)
 Metaspace       used 80384K, capacity 85148K, committed 85456K, reserved 1122304K
  class space    used 10360K, capacity 11815K, committed 11904K, reserved 1048576K
Heap Regions: E=young(eden), S=young(survivor), O=old, HS=humongous(starts), HC=humongous(continues), CS=collection set, F=free, A=archive, TAMS=top-at-mark-start (previous, next)
|   0|0x0000000081a00000, 0x0000000081b00000, 0x0000000081b00000|100%|HS|  |TAMS 0x0000000081b00000, 0x0000000081a00000| Complete 
|   1|0x0000000081b00000, 0x0000000081c00000, 0x0000000081c00000|100%| O|  |TAMS 0x0000000081c00000, 0x0000000081b00000| Untracked 
|   2|0x0000000081c00000, 0x0000000081cfffe8, 0x0000000081d00000| 99%| O|  |TAMS 0x0000000081cfffe8, 0x0000000081c00000| Untracked 
|   3|0x0000000081d00000, 0x0000000081dffff8, 0x0000000081e00000| 99%| O|  |TAMS 0x0000000081dffff8, 0x0000000081d00000| Untracked 
|   4|0x0000000081e00000, 0x0000000081effff8, 0x0000000081f00000| 99%| O|  |TAMS 0x0000000081effff8, 0x0000000081e00000| Untracked 
|   5|0x0000000081f00000, 0x0000000081fffff0, 0x0000000082000000| 99%| O|  |TAMS 0x0000000081fffff0, 0x0000000081f00000| Untracked 
|   6|0x0000000082000000, 0x0000000082100000, 0x0000000082100000|100%| O|  |TAMS 0x0000000082100000, 0x0000000082000000| Untracked 
|   7|0x0000000082100000, 0x00000000821fffe8, 0x0000000082200000| 99%| O|  |TAMS 0x00000000821fffe8, 0x0000000082100000| Untracked 
|   8|0x0000000082200000, 0x0000000082300000, 0x0000000082300000|100%| O|  |TAMS 0x0000000082300000, 0x0000000082200000| Untracked 
|   9|0x0000000082300000, 0x00000000823ffff8, 0x0000000082400000| 99%| O|  |TAMS 0x00000000823ffff8, 0x0000000082300000| Untracked 
|  10|0x0000000082400000, 0x00000000824ffff8, 0x0000000082500000| 99%| O|  |TAMS 0x00000000824ffff8, 0x0000000082400000| Untracked 
|  11|0x0000000082500000, 0x00000000825ffff0, 0x0000000082600000| 99%| O|  |TAMS 0x00000000825ffff0, 0x0000000082500000| Untracked 
|  12|0x0000000082600000, 0x00000000826ffff8, 0x0000000082700000| 99%| O|  |TAMS 0x00000000826ffff8, 0x0000000082600000| Untracked 
|  13|0x0000000082700000, 0x0000000082800000, 0x0000000082800000|100%| O|  |TAMS 0x0000000082800000, 0x0000000082700000| Untracked 
|  14|0x0000000082800000, 0x0000000082900000, 0x0000000082900000|100%| O|  |TAMS 0x0000000082900000, 0x0000000082800000| Untracked 
|  15|0x0000000082900000, 0x0000000082a00000, 0x0000000082a00000|100%| O|  |TAMS 0x0000000082a00000, 0x0000000082900000| Untracked 
|  16|0x0000000082a00000, 0x0000000082affff8, 0x0000000082b00000| 99%| O|  |TAMS 0x0000000082affff8, 0x0000000082a00000| Untracked 
|  17|0x0000000082b00000, 0x0000000082c00000, 0x0000000082c00000|100%| O|  |TAMS 0x0000000082c00000, 0x0000000082b00000| Untracked 
|  18|0x0000000082c00000, 0x0000000082cffff0, 0x0000000082d00000| 99%| O|  |TAMS 0x0000000082cffff0, 0x0000000082c00000| Untracked 
|  19|0x0000000082d00000, 0x0000000082dfffe8, 0x0000000082e00000| 99%| O|  |TAMS 0x0000000082dfffe8, 0x0000000082d00000| Untracked 
|  20|0x0000000082e00000, 0x0000000082effff0, 0x0000000082f00000| 99%| O|  |TAMS 0x0000000082effff0, 0x0000000082e00000| Untracked 
|  21|0x0000000082f00000, 0x0000000082fffff8, 0x0000000083000000| 99%| O|  |TAMS 0x0000000082fffff8, 0x0000000082f00000| Untracked 
|  22|0x0000000083000000, 0x00000000830fffe8, 0x0000000083100000| 99%| O|  |TAMS 0x00000000830fffe8, 0x0000000083000000| Untracked 
|  23|0x0000000083100000, 0x00000000831fffb0, 0x0000000083200000| 99%| O|  |TAMS 0x00000000831fffb0, 0x0000000083100000| Untracked 
|  24|0x0000000083200000, 0x00000000832ffff8, 0x0000000083300000| 99%| O|  |TAMS 0x00000000832ffff8, 0x0000000083200000| Untracked 
|  25|0x0000000083300000, 0x0000000083400000, 0x0000000083400000|100%| O|  |TAMS 0x0000000083400000, 0x0000000083300000| Untracked 
|  26|0x0000000083400000, 0x0000000083500000, 0x0000000083500000|100%| O|  |TAMS 0x0000000083500000, 0x0000000083400000| Untracked 
|  27|0x0000000083500000, 0x0000000083600000, 0x0000000083600000|100%| O|  |TAMS 0x0000000083600000, 0x0000000083500000| Untracked 
|  28|0x0000000083600000, 0x00000000836fffd0, 0x0000000083700000| 99%| O|  |TAMS 0x00000000836fffd0, 0x0000000083600000| Untracked 
|  29|0x0000000083700000, 0x00000000837fffe8, 0x0000000083800000| 99%| O|  |TAMS 0x00000000837fffe8, 0x0000000083700000| Untracked 
|  30|0x0000000083800000, 0x00000000838ffff8, 0x0000000083900000| 99%| O|  |TAMS 0x00000000838ffff8, 0x0000000083800000| Untracked 
|  31|0x0000000083900000, 0x0000000083a00000, 0x0000000083a00000|100%| O|  |TAMS 0x0000000083a00000, 0x0000000083900000| Untracked 
|  32|0x0000000083a00000, 0x0000000083affff8, 0x0000000083b00000| 99%| O|  |TAMS 0x0000000083affff8, 0x0000000083a00000| Untracked 
|  33|0x0000000083b00000, 0x0000000083c00000, 0x0000000083c00000|100%| O|  |TAMS 0x0000000083c00000, 0x0000000083b00000| Untracked 
|  34|0x0000000083c00000, 0x0000000083cffff8, 0x0000000083d00000| 99%| O|  |TAMS 0x0000000083cffff8, 0x0000000083c00000| Untracked 
|  35|0x0000000083d00000, 0x0000000083e00000, 0x0000000083e00000|100%| O|  |TAMS 0x0000000083e00000, 0x0000000083d00000| Untracked 
|  36|0x0000000083e00000, 0x0000000083efffe8, 0x0000000083f00000| 99%| O|  |TAMS 0x0000000083efffe8, 0x0000000083e00000| Untracked 
|  37|0x0000000083f00000, 0x0000000083fffff8, 0x0000000084000000| 99%| O|  |TAMS 0x0000000083fffff8, 0x0000000083f00000| Untracked 
|  38|0x0000000084000000, 0x00000000840ffff0, 0x0000000084100000| 99%| O|  |TAMS 0x00000000840ffff0, 0x0000000084000000| Untracked 
|  39|0x0000000084100000, 0x00000000841fffd0, 0x0000000084200000| 99%| O|  |TAMS 0x00000000841fffd0, 0x0000000084100000| Untracked 
|  40|0x0000000084200000, 0x00000000842ffff0, 0x0000000084300000| 99%| O|  |TAMS 0x00000000842ffff0, 0x0000000084200000| Untracked 
|  41|0x0000000084300000, 0x00000000843ffff0, 0x0000000084400000| 99%| O|  |TAMS 0x00000000843ffff0, 0x0000000084300000| Untracked 
|  42|0x0000000084400000, 0x00000000844fffd8, 0x0000000084500000| 99%| O|  |TAMS 0x00000000844fffd8, 0x0000000084400000| Untracked 
|  43|0x0000000084500000, 0x0000000084600000, 0x0000000084600000|100%| O|  |TAMS 0x0000000084600000, 0x0000000084500000| Untracked 
|  44|0x0000000084600000, 0x00000000846fffe8, 0x0000000084700000| 99%| O|  |TAMS 0x00000000846fffe8, 0x0000000084600000| Untracked 
|  45|0x0000000084700000, 0x00000000847ffff8, 0x0000000084800000| 99%| O|  |TAMS 0x00000000847ffff8, 0x0000000084700000| Untracked 
|  46|0x0000000084800000, 0x00000000848fffe8, 0x0000000084900000| 99%| O|  |TAMS 0x00000000848fffe8, 0x0000000084800000| Untracked 
|  47|0x0000000084900000, 0x00000000849ffff0, 0x0000000084a00000| 99%| O|  |TAMS 0x00000000849ffff0, 0x0000000084900000| Untracked 
|  48|0x0000000084a00000, 0x0000000084afffc8, 0x0000000084b00000| 99%| O|  |TAMS 0x0000000084afffc8, 0x0000000084a00000| Untracked 
|  49|0x0000000084b00000, 0x0000000084bffff8, 0x0000000084c00000| 99%| O|  |TAMS 0x0000000084bffff8, 0x0000000084b00000| Untracked 
|  50|0x0000000084c00000, 0x0000000084cffe80, 0x0000000084d00000| 99%| O|  |TAMS 0x0000000084cffe80, 0x0000000084c00000| Untracked 
|  51|0x0000000084d00000, 0x0000000084e00000, 0x0000000084e00000|100%| O|  |TAMS 0x0000000084e00000, 0x0000000084d00000| Untracked 
|  52|0x0000000084e00000, 0x0000000084f00000, 0x0000000084f00000|100%| O|  |TAMS 0x0000000084f00000, 0x0000000084e00000| Untracked 
|  53|0x0000000084f00000, 0x0000000084ffff08, 0x0000000085000000| 99%| O|  |TAMS 0x0000000084ffff08, 0x0000000084f00000| Untracked 
|  54|0x0000000085000000, 0x00000000850ffff8, 0x0000000085100000| 99%| O|  |TAMS 0x00000000850ffff8, 0x0000000085000000| Untracked 
|  55|0x0000000085100000, 0x00000000851fffe0, 0x0000000085200000| 99%| O|  |TAMS 0x00000000851fffe0, 0x0000000085100000| Untracked 
|  56|0x0000000085200000, 0x00000000852fffc8, 0x0000000085300000| 99%| O|  |TAMS 0x00000000852fffc8, 0x0000000085200000| Untracked 
|  57|0x0000000085300000, 0x00000000853ffff0, 0x0000000085400000| 99%| O|  |TAMS 0x00000000853ffff0, 0x0000000085300000| Untracked 
|  58|0x0000000085400000, 0x00000000854fff60, 0x0000000085500000| 99%| O|  |TAMS 0x00000000854fff60, 0x0000000085400000| Untracked 
|  59|0x0000000085500000, 0x0000000085600000, 0x0000000085600000|100%| O|  |TAMS 0x0000000085600000, 0x0000000085500000| Untracked 
|  60|0x0000000085600000, 0x00000000856fffe8, 0x0000000085700000| 99%| O|  |TAMS 0x00000000856fffe8, 0x0000000085600000| Untracked 
|  61|0x0000000085700000, 0x00000000857fffd8, 0x0000000085800000| 99%| O|  |TAMS 0x00000000857fffd8, 0x0000000085700000| Untracked 
|  62|0x0000000085800000, 0x0000000085900000, 0x0000000085900000|100%| O|  |TAMS 0x0000000085900000, 0x0000000085800000| Untracked 
|  63|0x0000000085900000, 0x0000000085a00000, 0x0000000085a00000|100%| O|  |TAMS 0x0000000085a00000, 0x0000000085900000| Untracked 
|  64|0x0000000085a00000, 0x0000000085b00000, 0x0000000085b00000|100%| O|  |TAMS 0x0000000085b00000, 0x0000000085a00000| Untracked 
|  65|0x0000000085b00000, 0x0000000085c00000, 0x0000000085c00000|100%| O|  |TAMS 0x0000000085c00000, 0x0000000085b00000| Untracked 
|  66|0x0000000085c00000, 0x0000000085d00000, 0x0000000085d00000|100%| O|  |TAMS 0x0000000085d00000, 0x0000000085c00000| Untracked 
|  67|0x0000000085d00000, 0x0000000085dffff0, 0x0000000085e00000| 99%| O|  |TAMS 0x0000000085dffff0, 0x0000000085d00000| Untracked 
|  68|0x0000000085e00000, 0x0000000085f00000, 0x0000000085f00000|100%| O|  |TAMS 0x0000000085f00000, 0x0000000085e00000| Untracked 
|  69|0x0000000085f00000, 0x0000000086000000, 0x0000000086000000|100%| O|  |TAMS 0x0000000086000000, 0x0000000085f00000| Untracked 
|  70|0x0000000086000000, 0x00000000860fffb0, 0x0000000086100000| 99%| O|  |TAMS 0x00000000860fffb0, 0x0000000086000000| Untracked 
|  71|0x0000000086100000, 0x00000000861fffe8, 0x0000000086200000| 99%| O|  |TAMS 0x00000000861fffe8, 0x0000000086100000| Untracked 
|  72|0x0000000086200000, 0x00000000862ffff8, 0x0000000086300000| 99%| O|  |TAMS 0x00000000862ffff8, 0x0000000086200000| Untracked 
|  73|0x0000000086300000, 0x0000000086400000, 0x0000000086400000|100%| O|  |TAMS 0x0000000086400000, 0x0000000086300000| Untracked 
|  74|0x0000000086400000, 0x00000000864fffe8, 0x0000000086500000| 99%| O|  |TAMS 0x00000000864fffe8, 0x0000000086400000| Untracked 
|  75|0x0000000086500000, 0x0000000086600000, 0x0000000086600000|100%| O|  |TAMS 0x0000000086600000, 0x0000000086500000| Untracked 
|  76|0x0000000086600000, 0x00000000866fffe0, 0x0000000086700000| 99%| O|  |TAMS 0x00000000866fffe0, 0x0000000086600000| Untracked 
|  77|0x0000000086700000, 0x00000000867ffff8, 0x0000000086800000| 99%| O|  |TAMS 0x00000000867ffff8, 0x0000000086700000| Untracked 
|  78|0x0000000086800000, 0x0000000086900000, 0x0000000086900000|100%| O|  |TAMS 0x0000000086900000, 0x0000000086800000| Untracked 
|  79|0x0000000086900000, 0x0000000086a00000, 0x0000000086a00000|100%| O|  |TAMS 0x0000000086a00000, 0x0000000086900000| Untracked 
|  80|0x0000000086a00000, 0x0000000086affff0, 0x0000000086b00000| 99%| O|  |TAMS 0x0000000086affff0, 0x0000000086a00000| Untracked 
|  81|0x0000000086b00000, 0x0000000086bffff0, 0x0000000086c00000| 99%| O|  |TAMS 0x0000000086bffff0, 0x0000000086b00000| Untracked 
|  82|0x0000000086c00000, 0x0000000086cffff0, 0x0000000086d00000| 99%| O|  |TAMS 0x0000000086cffff0, 0x0000000086c00000| Untracked 
|  83|0x0000000086d00000, 0x0000000086dfffe8, 0x0000000086e00000| 99%| O|  |TAMS 0x0000000086dfffe8, 0x0000000086d00000| Untracked 
|  84|0x0000000086e00000, 0x0000000086efffe8, 0x0000000086f00000| 99%| O|  |TAMS 0x0000000086efffe8, 0x0000000086e00000| Untracked 
|  85|0x0000000086f00000, 0x0000000086fffff8, 0x0000000087000000| 99%| O|  |TAMS 0x0000000086fffff8, 0x0000000086f00000| Untracked 
|  86|0x0000000087000000, 0x00000000870ffff0, 0x0000000087100000| 99%| O|  |TAMS 0x00000000870ffff0, 0x0000000087000000| Untracked 
|  87|0x0000000087100000, 0x00000000871ff8a8, 0x0000000087200000| 99%| O|  |TAMS 0x00000000871ff8a8, 0x0000000087100000| Untracked 
|  88|0x0000000087200000, 0x00000000872ffff8, 0x0000000087300000| 99%| O|  |TAMS 0x00000000872ffff8, 0x0000000087200000| Untracked 
|  89|0x0000000087300000, 0x0000000087400000, 0x0000000087400000|100%| O|  |TAMS 0x0000000087400000, 0x0000000087300000| Untracked 
|  90|0x0000000087400000, 0x0000000087500000, 0x0000000087500000|100%| O|  |TAMS 0x0000000087500000, 0x0000000087400000| Untracked 
|  91|0x0000000087500000, 0x00000000875fffe8, 0x0000000087600000| 99%| O|  |TAMS 0x00000000875fffe8, 0x0000000087500000| Untracked 
|  92|0x0000000087600000, 0x00000000876ffff8, 0x0000000087700000| 99%| O|  |TAMS 0x00000000876ffff8, 0x0000000087600000| Untracked 
|  93|0x0000000087700000, 0x00000000877fffe0, 0x0000000087800000| 99%| O|  |TAMS 0x00000000877fffe0, 0x0000000087700000| Untracked 
|  94|0x0000000087800000, 0x00000000878ffff0, 0x0000000087900000| 99%| O|  |TAMS 0x00000000878ffff0, 0x0000000087800000| Untracked 
|  95|0x0000000087900000, 0x00000000879ffff0, 0x0000000087a00000| 99%| O|  |TAMS 0x00000000879ffff0, 0x0000000087900000| Untracked 
|  96|0x0000000087a00000, 0x0000000087affff8, 0x0000000087b00000| 99%| O|  |TAMS 0x0000000087affff8, 0x0000000087a00000| Untracked 
|  97|0x0000000087b00000, 0x0000000087bffff8, 0x0000000087c00000| 99%| O|  |TAMS 0x0000000087bffff8, 0x0000000087b00000| Untracked 
|  98|0x0000000087c00000, 0x0000000087cffff8, 0x0000000087d00000| 99%| O|  |TAMS 0x0000000087cffff8, 0x0000000087c00000| Untracked 
|  99|0x0000000087d00000, 0x0000000087dfffb8, 0x0000000087e00000| 99%| O|  |TAMS 0x0000000087dfffb8, 0x0000000087d00000| Untracked 
| 100|0x0000000087e00000, 0x0000000087effff0, 0x0000000087f00000| 99%| O|  |TAMS 0x0000000087effff0, 0x0000000087e00000| Untracked 
| 101|0x0000000087f00000, 0x0000000087fffff8, 0x0000000088000000| 99%| O|  |TAMS 0x0000000087fffff8, 0x0000000087f00000| Untracked 
| 102|0x0000000088000000, 0x00000000880ffff8, 0x0000000088100000| 99%| O|  |TAMS 0x00000000880ffff8, 0x0000000088000000| Untracked 
| 103|0x0000000088100000, 0x0000000088200000, 0x0000000088200000|100%| O|  |TAMS 0x0000000088200000, 0x0000000088100000| Untracked 
| 104|0x0000000088200000, 0x00000000882ffff8, 0x0000000088300000| 99%| O|  |TAMS 0x00000000882ffff8, 0x0000000088200000| Untracked 
| 105|0x0000000088300000, 0x00000000883ffff0, 0x0000000088400000| 99%| O|  |TAMS 0x00000000883ffff0, 0x0000000088300000| Untracked 
| 106|0x0000000088400000, 0x00000000884ffff0, 0x0000000088500000| 99%| O|  |TAMS 0x00000000884ffff0, 0x0000000088400000| Untracked 
| 107|0x0000000088500000, 0x0000000088600000, 0x0000000088600000|100%| O|  |TAMS 0x0000000088600000, 0x0000000088500000| Untracked 
| 108|0x0000000088600000, 0x00000000886fffe8, 0x0000000088700000| 99%| O|  |TAMS 0x00000000886fffe8, 0x0000000088600000| Untracked 
| 109|0x0000000088700000, 0x00000000887fffb8, 0x0000000088800000| 99%| O|  |TAMS 0x00000000887fffb8, 0x0000000088700000| Untracked 
| 110|0x0000000088800000, 0x00000000888fffe0, 0x0000000088900000| 99%| O|  |TAMS 0x00000000888fffe0, 0x0000000088800000| Untracked 
| 111|0x0000000088900000, 0x0000000088a00000, 0x0000000088a00000|100%| O|  |TAMS 0x0000000088a00000, 0x0000000088900000| Untracked 
| 112|0x0000000088a00000, 0x0000000088affff0, 0x0000000088b00000| 99%| O|  |TAMS 0x0000000088affff0, 0x0000000088a00000| Untracked 
| 113|0x0000000088b00000, 0x0000000088b319a0, 0x0000000088c00000| 19%| O|  |TAMS 0x0000000088b319a0, 0x0000000088b00000| Untracked 
| 114|0x0000000088c00000, 0x0000000088c00000, 0x0000000088d00000|  0%| F|  |TAMS 0x0000000088c00000, 0x0000000088c00000| Untracked 
| 115|0x0000000088d00000, 0x0000000088d00000, 0x0000000088e00000|  0%| F|  |TAMS 0x0000000088d00000, 0x0000000088d00000| Untracked 
| 116|0x0000000088e00000, 0x0000000088e00000, 0x0000000088f00000|  0%| F|  |TAMS 0x0000000088e00000, 0x0000000088e00000| Untracked 
| 117|0x0000000088f00000, 0x0000000088f00000, 0x0000000089000000|  0%| F|  |TAMS 0x0000000088f00000, 0x0000000088f00000| Untracked 
| 118|0x0000000089000000, 0x0000000089000000, 0x0000000089100000|  0%| F|  |TAMS 0x0000000089000000, 0x0000000089000000| Untracked 
| 119|0x0000000089100000, 0x0000000089100000, 0x0000000089200000|  0%| F|  |TAMS 0x0000000089100000, 0x0000000089100000| Untracked 
| 120|0x0000000089200000, 0x0000000089200000, 0x0000000089300000|  0%| F|  |TAMS 0x0000000089200000, 0x0000000089200000| Untracked 
| 121|0x0000000089300000, 0x0000000089300000, 0x0000000089400000|  0%| F|  |TAMS 0x0000000089300000, 0x0000000089300000| Untracked 
| 122|0x0000000089400000, 0x0000000089400000, 0x0000000089500000|  0%| F|  |TAMS 0x0000000089400000, 0x0000000089400000| Untracked 
| 123|0x0000000089500000, 0x0000000089500000, 0x0000000089600000|  0%| F|  |TAMS 0x0000000089500000, 0x0000000089500000| Untracked 
| 124|0x0000000089600000, 0x0000000089600000, 0x0000000089700000|  0%| F|  |TAMS 0x0000000089600000, 0x0000000089600000| Untracked 
| 125|0x0000000089700000, 0x0000000089700000, 0x0000000089800000|  0%| F|  |TAMS 0x0000000089700000, 0x0000000089700000| Untracked 
| 126|0x0000000089800000, 0x0000000089800000, 0x0000000089900000|  0%| F|  |TAMS 0x0000000089800000, 0x0000000089800000| Untracked 
| 127|0x0000000089900000, 0x0000000089900000, 0x0000000089a00000|  0%| F|  |TAMS 0x0000000089900000, 0x0000000089900000| Untracked 
| 128|0x0000000089a00000, 0x0000000089a00000, 0x0000000089b00000|  0%| F|  |TAMS 0x0000000089a00000, 0x0000000089a00000| Untracked 
| 129|0x0000000089b00000, 0x0000000089b00000, 0x0000000089c00000|  0%| F|  |TAMS 0x0000000089b00000, 0x0000000089b00000| Untracked 
| 130|0x0000000089c00000, 0x0000000089c00000, 0x0000000089d00000|  0%| F|  |TAMS 0x0000000089c00000, 0x0000000089c00000| Untracked 
| 131|0x0000000089d00000, 0x0000000089d00000, 0x0000000089e00000|  0%| F|  |TAMS 0x0000000089d00000, 0x0000000089d00000| Untracked 
| 132|0x0000000089e00000, 0x0000000089e7e838, 0x0000000089f00000| 49%| O|  |TAMS 0x0000000089e7e838, 0x0000000089e00000| Untracked 
| 133|0x0000000089f00000, 0x0000000089f00000, 0x000000008a000000|  0%| F|  |TAMS 0x0000000089f00000, 0x0000000089f00000| Untracked 
| 134|0x000000008a000000, 0x000000008a000000, 0x000000008a100000|  0%| F|  |TAMS 0x000000008a000000, 0x000000008a000000| Untracked 
| 135|0x000000008a100000, 0x000000008a100000, 0x000000008a200000|  0%| F|  |TAMS 0x000000008a100000, 0x000000008a100000| Untracked 
| 136|0x000000008a200000, 0x000000008a200000, 0x000000008a300000|  0%| F|  |TAMS 0x000000008a200000, 0x000000008a200000| Untracked 
| 137|0x000000008a300000, 0x000000008a3a3820, 0x000000008a400000| 63%| S|CS|TAMS 0x000000008a300000, 0x000000008a300000| Complete 
| 138|0x000000008a400000, 0x000000008a400000, 0x000000008a500000|  0%| F|  |TAMS 0x000000008a400000, 0x000000008a400000| Untracked 
| 139|0x000000008a500000, 0x000000008a500000, 0x000000008a600000|  0%| F|  |TAMS 0x000000008a500000, 0x000000008a500000| Untracked 
| 140|0x000000008a600000, 0x000000008a600000, 0x000000008a700000|  0%| F|  |TAMS 0x000000008a600000, 0x000000008a600000| Untracked 
| 141|0x000000008a700000, 0x000000008a700000, 0x000000008a800000|  0%| F|  |TAMS 0x000000008a700000, 0x000000008a700000| Untracked 
| 142|0x000000008a800000, 0x000000008a900000, 0x000000008a900000|100%| S|CS|TAMS 0x000000008a800000, 0x000000008a800000| Complete 
| 143|0x000000008a900000, 0x000000008a9ff838, 0x000000008aa00000| 99%| O|  |TAMS 0x000000008a9ff838, 0x000000008a900000| Untracked 
| 144|0x000000008aa00000, 0x000000008aaacfa0, 0x000000008ab00000| 67%| O|  |TAMS 0x000000008aaacfa0, 0x000000008aa00000| Untracked 
| 145|0x000000008ab00000, 0x000000008ac00000, 0x000000008ac00000|100%| S|CS|TAMS 0x000000008ab00000, 0x000000008ab00000| Complete 
| 146|0x000000008ac00000, 0x000000008ad00000, 0x000000008ad00000|100%| S|CS|TAMS 0x000000008ac00000, 0x000000008ac00000| Complete 
| 147|0x000000008ad00000, 0x000000008ae00000, 0x000000008ae00000|100%| S|CS|TAMS 0x000000008ad00000, 0x000000008ad00000| Complete 
| 148|0x000000008ae00000, 0x000000008ae00000, 0x000000008af00000|  0%| F|  |TAMS 0x000000008ae00000, 0x000000008ae00000| Untracked 
| 149|0x000000008af00000, 0x000000008af00000, 0x000000008b000000|  0%| F|  |TAMS 0x000000008af00000, 0x000000008af00000| Untracked 
| 150|0x000000008b000000, 0x000000008b000000, 0x000000008b100000|  0%| F|  |TAMS 0x000000008b000000, 0x000000008b000000| Untracked 
| 151|0x000000008b100000, 0x000000008b100000, 0x000000008b200000|  0%| F|  |TAMS 0x000000008b100000, 0x000000008b100000| Untracked 
| 152|0x000000008b200000, 0x000000008b200000, 0x000000008b300000|  0%| F|  |TAMS 0x000000008b200000, 0x000000008b200000| Untracked 
| 153|0x000000008b300000, 0x000000008b300000, 0x000000008b400000|  0%| F|  |TAMS 0x000000008b300000, 0x000000008b300000| Untracked 
| 154|0x000000008b400000, 0x000000008b400000, 0x000000008b500000|  0%| F|  |TAMS 0x000000008b400000, 0x000000008b400000| Untracked 
| 155|0x000000008b500000, 0x000000008b500000, 0x000000008b600000|  0%| F|  |TAMS 0x000000008b500000, 0x000000008b500000| Untracked 
| 156|0x000000008b600000, 0x000000008b600000, 0x000000008b700000|  0%| F|  |TAMS 0x000000008b600000, 0x000000008b600000| Untracked 
| 157|0x000000008b700000, 0x000000008b700000, 0x000000008b800000|  0%| F|  |TAMS 0x000000008b700000, 0x000000008b700000| Untracked 
| 158|0x000000008b800000, 0x000000008b800000, 0x000000008b900000|  0%| F|  |TAMS 0x000000008b800000, 0x000000008b800000| Untracked 
| 159|0x000000008b900000, 0x000000008b900000, 0x000000008ba00000|  0%| F|  |TAMS 0x000000008b900000, 0x000000008b900000| Untracked 
| 160|0x000000008ba00000, 0x000000008ba60c68, 0x000000008bb00000| 37%| E|  |TAMS 0x000000008ba00000, 0x000000008ba00000| Complete 
| 161|0x000000008bb00000, 0x000000008bc00000, 0x000000008bc00000|100%| E|CS|TAMS 0x000000008bb00000, 0x000000008bb00000| Complete 
| 162|0x000000008bc00000, 0x000000008bd00000, 0x000000008bd00000|100%| E|CS|TAMS 0x000000008bc00000, 0x000000008bc00000| Complete 
| 163|0x000000008bd00000, 0x000000008bd178c0, 0x000000008be00000|  9%| O|  |TAMS 0x000000008bd178c0, 0x000000008bd00000| Untracked 
| 164|0x000000008be00000, 0x000000008bf00000, 0x000000008bf00000|100%| E|CS|TAMS 0x000000008be00000, 0x000000008be00000| Complete 
| 165|0x000000008bf00000, 0x000000008c000000, 0x000000008c000000|100%| E|CS|TAMS 0x000000008bf00000, 0x000000008bf00000| Complete 
| 166|0x000000008c000000, 0x000000008c100000, 0x000000008c100000|100%| E|CS|TAMS 0x000000008c000000, 0x000000008c000000| Complete 
| 167|0x000000008c100000, 0x000000008c200000, 0x000000008c200000|100%| E|CS|TAMS 0x000000008c100000, 0x000000008c100000| Complete 
| 168|0x000000008c200000, 0x000000008c300000, 0x000000008c300000|100%| E|CS|TAMS 0x000000008c200000, 0x000000008c200000| Complete 
| 169|0x000000008c300000, 0x000000008c400000, 0x000000008c400000|100%| E|CS|TAMS 0x000000008c300000, 0x000000008c300000| Complete 
| 170|0x000000008c400000, 0x000000008c500000, 0x000000008c500000|100%| E|CS|TAMS 0x000000008c400000, 0x000000008c400000| Complete 
| 171|0x000000008c500000, 0x000000008c600000, 0x000000008c600000|100%| E|CS|TAMS 0x000000008c500000, 0x000000008c500000| Complete 
| 172|0x000000008c600000, 0x000000008c700000, 0x000000008c700000|100%| E|CS|TAMS 0x000000008c600000, 0x000000008c600000| Complete 
| 173|0x000000008c700000, 0x000000008c800000, 0x000000008c800000|100%| E|CS|TAMS 0x000000008c700000, 0x000000008c700000| Complete 
| 174|0x000000008c800000, 0x000000008c900000, 0x000000008c900000|100%| E|CS|TAMS 0x000000008c800000, 0x000000008c800000| Complete 
| 175|0x000000008c900000, 0x000000008ca00000, 0x000000008ca00000|100%| E|CS|TAMS 0x000000008c900000, 0x000000008c900000| Complete 
| 176|0x000000008ca00000, 0x000000008cb00000, 0x000000008cb00000|100%| E|CS|TAMS 0x000000008ca00000, 0x000000008ca00000| Complete 
| 177|0x000000008cb00000, 0x000000008cc00000, 0x000000008cc00000|100%| E|CS|TAMS 0x000000008cb00000, 0x000000008cb00000| Complete 
| 178|0x000000008cc00000, 0x000000008cd00000, 0x000000008cd00000|100%| E|CS|TAMS 0x000000008cc00000, 0x000000008cc00000| Complete 
| 179|0x000000008cd00000, 0x000000008ce00000, 0x000000008ce00000|100%| E|CS|TAMS 0x000000008cd00000, 0x000000008cd00000| Complete 
| 180|0x000000008ce00000, 0x000000008cf00000, 0x000000008cf00000|100%| E|CS|TAMS 0x000000008ce00000, 0x000000008ce00000| Complete 
| 181|0x000000008cf00000, 0x000000008d000000, 0x000000008d000000|100%| E|CS|TAMS 0x000000008cf00000, 0x000000008cf00000| Complete 
| 182|0x000000008d000000, 0x000000008d100000, 0x000000008d100000|100%| E|CS|TAMS 0x000000008d000000, 0x000000008d000000| Complete 
| 183|0x000000008d100000, 0x000000008d200000, 0x000000008d200000|100%| E|CS|TAMS 0x000000008d100000, 0x000000008d100000| Complete 
| 184|0x000000008d200000, 0x000000008d300000, 0x000000008d300000|100%| E|CS|TAMS 0x000000008d200000, 0x000000008d200000| Complete 
| 185|0x000000008d300000, 0x000000008d400000, 0x000000008d400000|100%| E|CS|TAMS 0x000000008d300000, 0x000000008d300000| Complete 
| 186|0x000000008d400000, 0x000000008d500000, 0x000000008d500000|100%| E|CS|TAMS 0x000000008d400000, 0x000000008d400000| Complete 
| 187|0x000000008d500000, 0x000000008d600000, 0x000000008d600000|100%| E|CS|TAMS 0x000000008d500000, 0x000000008d500000| Complete 
| 188|0x000000008d600000, 0x000000008d700000, 0x000000008d700000|100%| E|CS|TAMS 0x000000008d600000, 0x000000008d600000| Complete 
| 189|0x000000008d700000, 0x000000008d800000, 0x000000008d800000|100%| E|CS|TAMS 0x000000008d700000, 0x000000008d700000| Complete 
| 190|0x000000008d800000, 0x000000008d900000, 0x000000008d900000|100%| E|CS|TAMS 0x000000008d800000, 0x000000008d800000| Complete 
| 191|0x000000008d900000, 0x000000008da00000, 0x000000008da00000|100%| E|CS|TAMS 0x000000008d900000, 0x000000008d900000| Complete 
| 192|0x000000008da00000, 0x000000008db00000, 0x000000008db00000|100%| E|CS|TAMS 0x000000008da00000, 0x000000008da00000| Complete 
| 193|0x000000008db00000, 0x000000008dc00000, 0x000000008dc00000|100%| E|CS|TAMS 0x000000008db00000, 0x000000008db00000| Complete 
| 194|0x000000008dc00000, 0x000000008dd00000, 0x000000008dd00000|100%| E|CS|TAMS 0x000000008dc00000, 0x000000008dc00000| Complete 
| 195|0x000000008dd00000, 0x000000008de00000, 0x000000008de00000|100%| E|CS|TAMS 0x000000008dd00000, 0x000000008dd00000| Complete 
| 196|0x000000008de00000, 0x000000008df00000, 0x000000008df00000|100%| E|CS|TAMS 0x000000008de00000, 0x000000008de00000| Complete 

Card table byte_map: [0x000002c749200000,0x000002c749600000] _byte_map_base: 0x000002c748df3000

Marking Bits (Prev, Next): (CMBitMap*) 0x000002c731b06d58, (CMBitMap*) 0x000002c731b06d90
 Prev Bits: [0x000002c749a00000, 0x000002c74b998000)
 Next Bits: [0x000002c74b9a0000, 0x000002c74d938000)

Polling page: 0x000002c72f940000

Metaspace:

Usage:
  Non-class:     71.61 MB capacity,    68.38 MB ( 95%) used,     2.91 MB (  4%) free+waste,   328.00 KB ( <1%) overhead. 
      Class:     11.54 MB capacity,    10.12 MB ( 88%) used,     1.26 MB ( 11%) free+waste,   161.94 KB (  1%) overhead. 
       Both:     83.15 MB capacity,    78.50 MB ( 94%) used,     4.17 MB (  5%) free+waste,   489.94 KB ( <1%) overhead. 

Virtual space:
  Non-class space:       72.00 MB reserved,      71.83 MB (>99%) committed 
      Class space:        1.00 GB reserved,      11.63 MB (  1%) committed 
             Both:        1.07 GB reserved,      83.45 MB (  8%) committed 

Chunk freelists:
   Non-Class:  3.38 KB
       Class:  128 bytes
        Both:  3.50 KB

CodeHeap 'non-profiled nmethods': size=238912Kb used=25956Kb max_used=25956Kb free=212955Kb
 bounds [0x000002c73a4b0000, 0x000002c73be10000, 0x000002c748e00000]
CodeHeap 'non-nmethods': size=6848Kb used=1253Kb max_used=2379Kb free=5594Kb
 bounds [0x000002c739e00000, 0x000002c73a150000, 0x000002c73a4b0000]
 total_blobs=15571 nmethods=14706 adapters=551
 compilation: enabled
              stopped_count=0, restarted_count=0
 full_count=0

Compilation events (10 events):
Event: 11547.340 Thread 0x000002c74fe74000 14887       1       java.lang.Class::getField (50 bytes)
Event: 11547.340 Thread 0x000002c74fe74000 nmethod 14887 0x000002c73be09b10 code [0x000002c73be09d40, 0x000002c73be0a230]
Event: 11547.346 Thread 0x000002c74fe74000 14888   !   1       java.lang.StringCoding::encode (324 bytes)
Event: 11547.348 Thread 0x000002c74fe74000 nmethod 14888 0x000002c73be0a490 code [0x000002c73be0a7e0, 0x000002c73be0bb30]
Event: 11547.349 Thread 0x000002c74fe74000 14889   !   1       com.sun.proxy.$Proxy134::annotationType (29 bytes)
Event: 11547.350 Thread 0x000002c74fe74000 nmethod 14889 0x000002c73be0c490 code [0x000002c73be0c660, 0x000002c73be0c8a0]
Event: 11547.350 Thread 0x000002c74fe74000 14890       1       com.fasterxml.jackson.core.util.ByteArrayBuilder::toByteArray (161 bytes)
Event: 11547.352 Thread 0x000002c74fe74000 nmethod 14890 0x000002c73be0ca10 code [0x000002c73be0ccc0, 0x000002c73be0d680]
Event: 11613.022 Thread 0x000002c74fe74000 14891       1       org.springframework.boot.devtools.filewatch.ChangedFile::hashCode (19 bytes)
Event: 11613.022 Thread 0x000002c74fe74000 nmethod 14891 0x000002c73be0db90 code [0x000002c73be0dd60, 0x000002c73be0df30]

GC Heap History (10 events):
Event: 11477.544 GC heap before
{Heap before GC invocations=285 (full 38):
 garbage-first heap   total 194560K, used 164274K [0x0000000081a00000, 0x0000000100000000)
  region size 1024K, 49 young (50176K), 0 survivors (0K)
 Metaspace       used 79757K, capacity 84387K, committed 84560K, reserved 1122304K
  class space    used 10296K, capacity 11744K, committed 11776K, reserved 1048576K
}
Event: 11477.552 GC heap after
{Heap after GC invocations=286 (full 38):
 garbage-first heap   total 194560K, used 118662K [0x0000000081a00000, 0x0000000100000000)
  region size 1024K, 4 young (4096K), 4 survivors (4096K)
 Metaspace       used 79757K, capacity 84387K, committed 84560K, reserved 1122304K
  class space    used 10296K, capacity 11744K, committed 11776K, reserved 1048576K
}
Event: 11477.694 GC heap before
{Heap before GC invocations=286 (full 38):
 garbage-first heap   total 194560K, used 163718K [0x0000000081a00000, 0x0000000100000000)
  region size 1024K, 49 young (50176K), 4 survivors (4096K)
 Metaspace       used 79758K, capacity 84387K, committed 84560K, reserved 1122304K
  class space    used 10296K, capacity 11744K, committed 11776K, reserved 1048576K
}
Event: 11477.698 GC heap after
{Heap after GC invocations=287 (full 38):
 garbage-first heap   total 194560K, used 119067K [0x0000000081a00000, 0x0000000100000000)
  region size 1024K, 4 young (4096K), 4 survivors (4096K)
 Metaspace       used 79758K, capacity 84387K, committed 84560K, reserved 1122304K
  class space    used 10296K, capacity 11744K, committed 11776K, reserved 1048576K
}
Event: 11545.732 GC heap before
{Heap before GC invocations=288 (full 38):
 garbage-first heap   total 194560K, used 160027K [0x0000000081a00000, 0x0000000100000000)
  region size 1024K, 45 young (46080K), 4 survivors (4096K)
 Metaspace       used 80049K, capacity 84748K, committed 84816K, reserved 1122304K
  class space    used 10327K, capacity 11769K, committed 11776K, reserved 1048576K
}
Event: 11545.907 GC heap after
{Heap after GC invocations=289 (full 39):
 garbage-first heap   total 201728K, used 118220K [0x0000000081a00000, 0x0000000100000000)
  region size 1024K, 0 young (0K), 0 survivors (0K)
 Metaspace       used 80018K, capacity 84700K, committed 84816K, reserved 1122304K
  class space    used 10323K, capacity 11761K, committed 11776K, reserved 1048576K
}
Event: 11546.250 GC heap before
{Heap before GC invocations=289 (full 39):
 garbage-first heap   total 201728K, used 170444K [0x0000000081a00000, 0x0000000100000000)
  region size 1024K, 52 young (53248K), 0 survivors (0K)
 Metaspace       used 80107K, capacity 84820K, committed 85200K, reserved 1122304K
  class space    used 10336K, capacity 11801K, committed 11904K, reserved 1048576K
}
Event: 11546.263 GC heap after
{Heap after GC invocations=290 (full 39):
 garbage-first heap   total 201728K, used 121658K [0x0000000081a00000, 0x0000000100000000)
  region size 1024K, 4 young (4096K), 4 survivors (4096K)
 Metaspace       used 80107K, capacity 84820K, committed 85200K, reserved 1122304K
  class space    used 10336K, capacity 11801K, committed 11904K, reserved 1048576K
}
Event: 11546.539 GC heap before
{Heap before GC invocations=290 (full 39):
 garbage-first heap   total 201728K, used 169786K [0x0000000081a00000, 0x0000000100000000)
  region size 1024K, 52 young (53248K), 4 survivors (4096K)
 Metaspace       used 80155K, capacity 84884K, committed 85200K, reserved 1122304K
  class space    used 10340K, capacity 11801K, committed 11904K, reserved 1048576K
}
Event: 11546.544 GC heap after
{Heap after GC invocations=291 (full 39):
 garbage-first heap   total 201728K, used 122970K [0x0000000081a00000, 0x0000000100000000)
  region size 1024K, 5 young (5120K), 5 survivors (5120K)
 Metaspace       used 80155K, capacity 84884K, committed 85200K, reserved 1122304K
  class space    used 10340K, capacity 11801K, committed 11904K, reserved 1048576K
}

Deoptimization events (0 events):
No events

Classes redefined (0 events):
No events

Internal exceptions (10 events):
Event: 11546.600 Thread 0x000002c755089800 Exception <a 'java/lang/ClassNotFoundException'{0x000000008da974f8}: java/lang/ObjectCustomizer> (0x000000008da974f8) thrown at [t:/workspace/open/src/hotspot/share/classfile/systemDictionary.cpp, line 231]
Event: 11546.600 Thread 0x000002c755089800 Exception <a 'java/lang/ClassNotFoundException'{0x000000008daac1c0}: org/springframework/security/config/annotation/web/configuration/WebSecurityConfigurerAdapterCustomizer> (0x000000008daac1c0) thrown at [t:/workspace/open/src/hotspot/share/classfile/sys
Event: 11546.601 Thread 0x000002c755089800 Exception <a 'java/lang/ClassNotFoundException'{0x000000008dac0490}: com/sean/ws/security/WebSecurityCustomizer> (0x000000008dac0490) thrown at [t:/workspace/open/src/hotspot/share/classfile/systemDictionary.cpp, line 231]
Event: 11546.601 Thread 0x000002c755089800 Exception <a 'java/lang/ClassNotFoundException'{0x000000008dad3a58}: com/sean/ws/security/WebSecurity$$EnhancerBySpringCGLIB$$f75f7f1aCustomizer> (0x000000008dad3a58) thrown at [t:/workspace/open/src/hotspot/share/classfile/systemDictionary.cpp, line 231]
Event: 11546.602 Thread 0x000002c755089800 Exception <a 'java/lang/ClassNotFoundException'{0x000000008daf2508}: org/springframework/context/annotation/ConfigurationClassEnhancer$EnhancedConfigurationCustomizer> (0x000000008daf2508) thrown at [t:/workspace/open/src/hotspot/share/classfile/systemDic
Event: 11546.602 Thread 0x000002c755089800 Exception <a 'java/lang/ClassNotFoundException'{0x000000008daffb88}: org/springframework/beans/factory/BeanFactoryAwareCustomizer> (0x000000008daffb88) thrown at [t:/workspace/open/src/hotspot/share/classfile/systemDictionary.cpp, line 231]
Event: 11546.602 Thread 0x000002c755089800 Exception <a 'java/lang/ClassNotFoundException'{0x000000008d90d278}: org/springframework/beans/factory/AwareCustomizer> (0x000000008d90d278) thrown at [t:/workspace/open/src/hotspot/share/classfile/systemDictionary.cpp, line 231]
Event: 11546.603 Thread 0x000002c755089800 Exception <a 'java/lang/ClassNotFoundException'{0x000000008d91cbd8}: org/springframework/security/config/annotation/web/WebSecurityConfigurerCustomizer> (0x000000008d91cbd8) thrown at [t:/workspace/open/src/hotspot/share/classfile/systemDictionary.cpp, li
Event: 11546.603 Thread 0x000002c755089800 Exception <a 'java/lang/ClassNotFoundException'{0x000000008d92bdc8}: org/springframework/security/config/annotation/SecurityConfigurerCustomizer> (0x000000008d92bdc8) thrown at [t:/workspace/open/src/hotspot/share/classfile/systemDictionary.cpp, line 231]
Event: 12190.783 Thread 0x000002c755087000 Exception <a 'java/lang/InterruptedException'{0x000000008ba30a90}: sleep interrupted> (0x000000008ba30a90) thrown at [t:/workspace/open/src/hotspot/share/prims/jvm.cpp, line 3117]

Events (10 events):
Event: 12190.782 Executing VM operation: RevokeBias done
Event: 12190.782 Executing VM operation: BulkRevokeBias
Event: 12190.782 Executing VM operation: BulkRevokeBias done
Event: 12190.782 Executing VM operation: BulkRevokeBias
Event: 12190.783 Executing VM operation: BulkRevokeBias done
Event: 12190.783 Thread 0x000002c755087000 Thread exited: 0x000002c755087000
Event: 12190.783 Executing VM operation: RevokeBias
Event: 12190.783 Executing VM operation: RevokeBias done
Event: 12190.783 Thread 0x000002c75508c000 Thread exited: 0x000002c75508c000
Event: 12190.783 Executing VM operation: G1CollectFull


Dynamic libraries:
0x00007ff65da00000 - 0x00007ff65da47000 	C:\Program Files\Java\jdk-11.0.4\bin\javaw.exe
0x00007ffd4d200000 - 0x00007ffd4d3f0000 	C:\WINDOWS\SYSTEM32\ntdll.dll
0x00007ffd46250000 - 0x00007ffd46264000 	C:\Program Files\AVAST Software\Avast\aswhook.dll
0x00007ffd4b4b0000 - 0x00007ffd4b562000 	C:\WINDOWS\System32\KERNEL32.DLL
0x00007ffd4a190000 - 0x00007ffd4a433000 	C:\WINDOWS\System32\KERNELBASE.dll
0x00007ffd4b750000 - 0x00007ffd4b7f3000 	C:\WINDOWS\System32\ADVAPI32.dll
0x00007ffd4ce40000 - 0x00007ffd4cede000 	C:\WINDOWS\System32\msvcrt.dll
0x00007ffd4c4a0000 - 0x00007ffd4c537000 	C:\WINDOWS\System32\sechost.dll
0x00007ffd4b800000 - 0x00007ffd4b920000 	C:\WINDOWS\System32\RPCRT4.dll
0x00007ffd4cf40000 - 0x00007ffd4d0d4000 	C:\WINDOWS\System32\USER32.dll
0x00007ffd4a6d0000 - 0x00007ffd4a6f1000 	C:\WINDOWS\System32\win32u.dll
0x00007ffd4b570000 - 0x00007ffd4b596000 	C:\WINDOWS\System32\GDI32.dll
0x00007ffd4a700000 - 0x00007ffd4a894000 	C:\WINDOWS\System32\gdi32full.dll
0x00007ffd4a940000 - 0x00007ffd4a9de000 	C:\WINDOWS\System32\msvcp_win.dll
0x00007ffd4a4c0000 - 0x00007ffd4a5ba000 	C:\WINDOWS\System32\ucrtbase.dll
0x00007ffd40db0000 - 0x00007ffd41035000 	C:\WINDOWS\WinSxS\amd64_microsoft.windows.common-controls_6595b64144ccf1df_6.0.18362.476_none_e6c4b11b130f2595\COMCTL32.dll
0x00007ffd4b920000 - 0x00007ffd4bc56000 	C:\WINDOWS\System32\combase.dll
0x00007ffd4a8c0000 - 0x00007ffd4a940000 	C:\WINDOWS\System32\bcryptPrimitives.dll
0x00007ffd464d0000 - 0x00007ffd464da000 	C:\WINDOWS\SYSTEM32\VERSION.dll
0x00007ffd4b3f0000 - 0x00007ffd4b41e000 	C:\WINDOWS\System32\IMM32.DLL
0x00007ffd42a60000 - 0x00007ffd42a76000 	C:\Program Files\Java\jdk-11.0.4\bin\vcruntime140.dll
0x00007ffd2a4a0000 - 0x00007ffd2a54a000 	C:\Program Files\Java\jdk-11.0.4\bin\msvcp140.dll
0x00007ffd08d00000 - 0x00007ffd09827000 	C:\Program Files\Java\jdk-11.0.4\bin\server\jvm.dll
0x00007ffd4c340000 - 0x00007ffd4c348000 	C:\WINDOWS\System32\PSAPI.DLL
0x00007ffd3ebf0000 - 0x00007ffd3ebf9000 	C:\WINDOWS\SYSTEM32\WSOCK32.dll
0x00007ffd4d0e0000 - 0x00007ffd4d14f000 	C:\WINDOWS\System32\WS2_32.dll
0x00007ffd40bd0000 - 0x00007ffd40bf4000 	C:\WINDOWS\SYSTEM32\WINMM.dll
0x00007ffd40ba0000 - 0x00007ffd40bcd000 	C:\WINDOWS\SYSTEM32\WINMMBASE.dll
0x00007ffd4a440000 - 0x00007ffd4a48a000 	C:\WINDOWS\System32\cfgmgr32.dll
0x00007ffd4a130000 - 0x00007ffd4a141000 	C:\WINDOWS\System32\kernel.appcore.dll
0x00007ffd42a40000 - 0x00007ffd42a51000 	C:\Program Files\Java\jdk-11.0.4\bin\verify.dll
0x00007ffd424e0000 - 0x00007ffd426d4000 	C:\WINDOWS\SYSTEM32\DBGHELP.DLL
0x00007ffd42d80000 - 0x00007ffd42daa000 	C:\WINDOWS\SYSTEM32\dbgcore.DLL
0x00007ffd3a580000 - 0x00007ffd3a5a9000 	C:\Program Files\Java\jdk-11.0.4\bin\java.dll
0x00007ffd42a20000 - 0x00007ffd42a36000 	C:\Program Files\Java\jdk-11.0.4\bin\zip.dll
0x00007ffd3a570000 - 0x00007ffd3a57a000 	C:\Program Files\Java\jdk-11.0.4\bin\jimage.dll
0x00007ffd4c750000 - 0x00007ffd4ce35000 	C:\WINDOWS\System32\SHELL32.dll
0x00007ffd4be20000 - 0x00007ffd4bec9000 	C:\WINDOWS\System32\shcore.dll
0x00007ffd4a9e0000 - 0x00007ffd4b15e000 	C:\WINDOWS\System32\windows.storage.dll
0x00007ffd4a170000 - 0x00007ffd4a18f000 	C:\WINDOWS\System32\profapi.dll
0x00007ffd4a0e0000 - 0x00007ffd4a12a000 	C:\WINDOWS\System32\powrprof.dll
0x00007ffd4a0d0000 - 0x00007ffd4a0e0000 	C:\WINDOWS\System32\UMPDC.dll
0x00007ffd4bda0000 - 0x00007ffd4bdf2000 	C:\WINDOWS\System32\shlwapi.dll
0x00007ffd4a8a0000 - 0x00007ffd4a8b7000 	C:\WINDOWS\System32\cryptsp.dll
0x00007ffd32f40000 - 0x00007ffd32f59000 	C:\Program Files\Java\jdk-11.0.4\bin\net.dll
0x00007ffd41b00000 - 0x00007ffd41bf0000 	C:\WINDOWS\SYSTEM32\WINHTTP.dll
0x00007ffd44c00000 - 0x00007ffd44dd6000 	C:\WINDOWS\SYSTEM32\urlmon.dll
0x00007ffd43050000 - 0x00007ffd432f6000 	C:\WINDOWS\SYSTEM32\iertutil.dll
0x00007ffd49b10000 - 0x00007ffd49b1c000 	C:\WINDOWS\SYSTEM32\CRYPTBASE.DLL
0x00007ffd49940000 - 0x00007ffd499a7000 	C:\WINDOWS\system32\mswsock.dll
0x00007ffd32f20000 - 0x00007ffd32f33000 	C:\Program Files\Java\jdk-11.0.4\bin\nio.dll
0x00007ffd286f0000 - 0x00007ffd286f9000 	C:\Program Files\Java\jdk-11.0.4\bin\management.dll
0x00007ffd26460000 - 0x00007ffd2646c000 	C:\Program Files\Java\jdk-11.0.4\bin\management_ext.dll
0x00007ffd3bc60000 - 0x00007ffd3bc76000 	C:\WINDOWS\system32\napinsp.dll
0x00007ffd3bbf0000 - 0x00007ffd3bc0a000 	C:\WINDOWS\system32\pnrpnsp.dll
0x00007ffd49690000 - 0x00007ffd4975a000 	C:\WINDOWS\SYSTEM32\DNSAPI.dll
0x00007ffd4d150000 - 0x00007ffd4d158000 	C:\WINDOWS\System32\NSI.dll
0x00007ffd49650000 - 0x00007ffd4968a000 	C:\WINDOWS\SYSTEM32\IPHLPAPI.DLL
0x00007ffd3bbe0000 - 0x00007ffd3bbee000 	C:\WINDOWS\System32\winrnr.dll
0x00007ffd45ef0000 - 0x00007ffd45f0c000 	C:\WINDOWS\system32\NLAapi.dll
0x00007ffd3bbc0000 - 0x00007ffd3bbd5000 	C:\WINDOWS\system32\wshbth.dll
0x00007ffd404a0000 - 0x00007ffd404aa000 	C:\Windows\System32\rasadhlp.dll
0x00007ffd45150000 - 0x00007ffd451c7000 	C:\WINDOWS\System32\fwpuclnt.dll
0x00007ffd4a490000 - 0x00007ffd4a4b6000 	C:\WINDOWS\System32\bcrypt.dll
0x00007ffd494b0000 - 0x00007ffd494e3000 	C:\WINDOWS\system32\rsaenh.dll
0x00007ffd49ff0000 - 0x00007ffd4a015000 	C:\WINDOWS\SYSTEM32\USERENV.dll
0x00007ffd45230000 - 0x00007ffd45246000 	C:\WINDOWS\SYSTEM32\dhcpcsvc6.DLL
0x00007ffd45270000 - 0x00007ffd4528c000 	C:\WINDOWS\SYSTEM32\dhcpcsvc.DLL
0x00007ffd31570000 - 0x00007ffd31597000 	C:\Program Files\Java\jdk-11.0.4\bin\sunec.dll

dbghelp: loaded successfully - version: 4.0.5 - missing functions: none
symbol engine: initialized successfully - sym options: 0x614 - pdb path: .;C:\Program Files\Java\jdk-11.0.4\bin;C:\WINDOWS\SYSTEM32;C:\Program Files\AVAST Software\Avast;C:\WINDOWS\WinSxS\amd64_microsoft.windows.common-controls_6595b64144ccf1df_6.0.18362.476_none_e6c4b11b130f2595;C:\Program Files\Java\jdk-11.0.4\bin\server

VM Arguments:
jvm_args: -Dcom.sun.management.jmxremote -Dcom.sun.management.jmxremote.port=49787 -Dcom.sun.management.jmxremote.authenticate=false -Dcom.sun.management.jmxremote.ssl=false -Djava.rmi.server.hostname=localhost -Dspring.jmx.enabled=true -Dspring.application.admin.enabled=true -Xverify:none -XX:TieredStopAtLevel=1 -Dspring.boot.project.name=mobile-app-ws -Dfile.encoding=Cp1252 
java_command: com.sean.ws.MobileAppWsApplication
java_class_path (initial): E:\spring webservice\mobile-app-ws\target\classes;C:\Users\User\.m2\repository\org\springframework\boot\spring-boot-starter-web\2.1.10.RELEASE\spring-boot-starter-web-2.1.10.RELEASE.jar;C:\Users\User\.m2\repository\org\springframework\boot\spring-boot-starter\2.1.10.RELEASE\spring-boot-starter-2.1.10.RELEASE.jar;C:\Users\User\.m2\repository\org\springframework\boot\spring-boot-starter-logging\2.1.10.RELEASE\spring-boot-starter-logging-2.1.10.RELEASE.jar;C:\Users\User\.m2\repository\ch\qos\logback\logback-classic\1.2.3\logback-classic-1.2.3.jar;C:\Users\User\.m2\repository\ch\qos\logback\logback-core\1.2.3\logback-core-1.2.3.jar;C:\Users\User\.m2\repository\org\apache\logging\log4j\log4j-to-slf4j\2.11.2\log4j-to-slf4j-2.11.2.jar;C:\Users\User\.m2\repository\org\apache\logging\log4j\log4j-api\2.11.2\log4j-api-2.11.2.jar;C:\Users\User\.m2\repository\org\slf4j\jul-to-slf4j\1.7.29\jul-to-slf4j-1.7.29.jar;C:\Users\User\.m2\repository\org\yaml\snakeyaml\1.23\snakeyaml-1.23.jar;C:\Users\User\.m2\repository\org\springframework\boot\spring-boot-starter-json\2.1.10.RELEASE\spring-boot-starter-json-2.1.10.RELEASE.jar;C:\Users\User\.m2\repository\com\fasterxml\jackson\datatype\jackson-datatype-jdk8\2.9.10\jackson-datatype-jdk8-2.9.10.jar;C:\Users\User\.m2\repository\com\fasterxml\jackson\datatype\jackson-datatype-jsr310\2.9.10\jackson-datatype-jsr310-2.9.10.jar;C:\Users\User\.m2\repository\com\fasterxml\jackson\module\jackson-module-parameter-names\2.9.10\jackson-module-parameter-names-2.9.10.jar;C:\Users\User\.m2\repository\org\hibernate\validator\hibernate-validator\6.0.18.Final\hibernate-validator-6.0.18.Final.jar;C:\Users\User\.m2\repository\javax\validation\validation-api\2.0.1.Final\validation-api-2.0.1.Final.jar;C:\Users\User\.m2\repository\org\jboss\logging\jboss-logging\3.3.3.Final\jboss-logging-3.3.3.Final.jar;C:\Users\User\.m2\repository\com\fasterxml\classmate\1.4.0\classmate-1.4.0.jar;C:\Users\User\.m2\repository\org\springframework\spri
Launcher Type: SUN_STANDARD

[Global flags]
     bool BytecodeVerificationLocal                = false                                     {product} {command line}
     bool BytecodeVerificationRemote               = false                                     {product} {command line}
     intx CICompilerCount                          = 3                                         {product} {ergonomic}
     uint ConcGCThreads                            = 1                                         {product} {ergonomic}
     uint G1ConcRefinementThreads                  = 4                                         {product} {ergonomic}
   size_t G1HeapRegionSize                         = 1048576                                   {product} {ergonomic}
    uintx GCDrainStackTargetSize                   = 64                                        {product} {ergonomic}
   size_t InitialHeapSize                          = 134217728                                 {product} {ergonomic}
     bool ManagementServer                         = true                                      {product} {command line}
   size_t MarkStackSize                            = 4194304                                   {product} {ergonomic}
   size_t MaxHeapSize                              = 2120220672                                {product} {ergonomic}
   size_t MaxNewSize                               = 1271922688                                {product} {ergonomic}
   size_t MinHeapDeltaBytes                        = 1048576                                   {product} {ergonomic}
    uintx NonNMethodCodeHeapSize                   = 6973028                                {pd product} {ergonomic}
    uintx NonProfiledCodeHeapSize                  = 244685212                              {pd product} {ergonomic}
    uintx ProfiledCodeHeapSize                     = 0                                      {pd product} {ergonomic}
    uintx ReservedCodeCacheSize                    = 251658240                              {pd product} {ergonomic}
     bool SegmentedCodeCache                       = true                                      {product} {ergonomic}
     intx TieredStopAtLevel                        = 1                                         {product} {command line}
     bool UseCompressedClassPointers               = true                                 {lp64_product} {ergonomic}
     bool UseCompressedOops                        = true                                 {lp64_product} {ergonomic}
     bool UseG1GC                                  = true                                      {product} {ergonomic}
     bool UseLargePagesIndividualAllocation        = false                                  {pd product} {ergonomic}

Logging:
Log output configuration:
 #0: stdout all=warning uptime,level,tags
 #1: stderr all=off uptime,level,tags

Environment Variables:
JAVA_HOME=C:\Program Files\Java\jdk-11.0.4
PATH=C:\Program Files (x86)\Intel\iCLS Client\;C:\Program Files\Intel\iCLS Client\;C:\WINDOWS\system32;C:\WINDOWS;C:\WINDOWS\System32\Wbem;C:\WINDOWS\System32\WindowsPowerShell\v1.0\;C:\Program Files (x86)\AMD\ATI.ACE\Core-Static;C:\xampp\php;C:\ProgramData\ComposerSetup\bin;C:\xampp\mysql\bin;C:\WINDOWS\System32\OpenSSH\;C:\Program Files (x86)\Intel\Intel(R) Management Engine Components\DAL;C:\Program Files\Intel\Intel(R) Management Engine Components\DAL;C:\Program Files (x86)\Intel\Intel(R) Management Engine Components\IPT;C:\Program Files\Intel\Intel(R) Management Engine Components\IPT;C:\Program Files\Git\cmd;C:\Program Files\nodejs\;C:\Program Files\Intel\WiFi\bin\;C:\Program Files\Common Files\Intel\WirelessCommon\;C:\Program Files\Git\;E:\cmds;C:\Program Files\Java\jdk-11.0.4\bin;C:\apache-maven-3.6.2\bin;C:\Users\User\AppData\Local\Microsoft\WindowsApps;C:\Users\User\AppData\Roaming\Composer\vendor\bin;C:\Program Files\Sublime Text 3;C:\xampp\mysql\bin;;C:\Users\User\AppData\Local\Programs\Microsoft VS Code\bin;C:\Users\User\AppData\Roaming\npm
USERNAME=User
OS=Windows_NT
PROCESSOR_IDENTIFIER=Intel64 Family 6 Model 78 Stepping 3, GenuineIntel



---------------  S Y S T E M  ---------------

OS: Windows 10 , 64 bit Build 18362 (10.0.18362.329)

CPU:total 4 (initial active 4) (2 cores per cpu, 2 threads per core) family 6 model 78 stepping 3, cmov, cx8, fxsr, mmx, sse, sse2, sse3, ssse3, sse4.1, sse4.2, popcnt, avx, avx2, aes, clmul, erms, 3dnowpref, lzcnt, ht, tsc, tscinvbit, bmi1, bmi2, adx, fma

Memory: 4k page, system-wide physical 8083M (1353M free)
TotalPageFile size 20083M (AvailPageFile size 7M)
current process WorkingSet (physical memory assigned to process): 354M, peak: 354M
current process commit charge ("private bytes"): 414M, peak: 424M

vm_info: Java HotSpot(TM) 64-Bit Server VM (11.0.4+10-LTS) for windows-amd64 JRE (11.0.4+10-LTS), built on Jul  4 2019 16:28:13 by "mach5one" with MS VC++ 15.5 (VS2017)

END.
